2018-03-06 14:59:42[com.lx.main.HotEventParm]-[ERROR]not available jsonstring Map<String,Object> updateMap = new HashMap<>();
2018-03-06 14:59:42[org.apache.kafka.streams.processor.internals.AssignedTasks]-[ERROR]stream-thread [hotparmstream1-fc0c2ae9-3938-43b5-bcb7-7290b2f8eeb0-StreamThread-1] Failed to process stream task 0_0 due to the following error:
java.lang.NullPointerException
	at com.lx.main.HotEventParm$1.apply(HotEventParm.java:53)
	at com.lx.main.HotEventParm$1.apply(HotEventParm.java:1)
	at org.apache.kafka.streams.kstream.internals.KStreamPeek$KStreamPeekProcessor.process(KStreamPeek.java:42)
	at org.apache.kafka.streams.processor.internals.ProcessorNode$1.run(ProcessorNode.java:46)
	at org.apache.kafka.streams.processor.internals.StreamsMetricsImpl.measureLatencyNs(StreamsMetricsImpl.java:208)
	at org.apache.kafka.streams.processor.internals.ProcessorNode.process(ProcessorNode.java:124)
	at org.apache.kafka.streams.processor.internals.ProcessorContextImpl.forward(ProcessorContextImpl.java:85)
	at org.apache.kafka.streams.processor.internals.SourceNode.process(SourceNode.java:80)
	at org.apache.kafka.streams.processor.internals.StreamTask.process(StreamTask.java:216)
	at org.apache.kafka.streams.processor.internals.AssignedTasks.process(AssignedTasks.java:403)
	at org.apache.kafka.streams.processor.internals.TaskManager.process(TaskManager.java:317)
	at org.apache.kafka.streams.processor.internals.StreamThread.processAndMaybeCommit(StreamThread.java:942)
	at org.apache.kafka.streams.processor.internals.StreamThread.runOnce(StreamThread.java:822)
	at org.apache.kafka.streams.processor.internals.StreamThread.runLoop(StreamThread.java:774)
	at org.apache.kafka.streams.processor.internals.StreamThread.run(StreamThread.java:744)
2018-03-06 14:59:42[org.apache.kafka.streams.processor.internals.StreamThread]-[ERROR]stream-thread [hotparmstream1-fc0c2ae9-3938-43b5-bcb7-7290b2f8eeb0-StreamThread-1] Encountered the following error during processing:
java.lang.NullPointerException
	at com.lx.main.HotEventParm$1.apply(HotEventParm.java:53)
	at com.lx.main.HotEventParm$1.apply(HotEventParm.java:1)
	at org.apache.kafka.streams.kstream.internals.KStreamPeek$KStreamPeekProcessor.process(KStreamPeek.java:42)
	at org.apache.kafka.streams.processor.internals.ProcessorNode$1.run(ProcessorNode.java:46)
	at org.apache.kafka.streams.processor.internals.StreamsMetricsImpl.measureLatencyNs(StreamsMetricsImpl.java:208)
	at org.apache.kafka.streams.processor.internals.ProcessorNode.process(ProcessorNode.java:124)
	at org.apache.kafka.streams.processor.internals.ProcessorContextImpl.forward(ProcessorContextImpl.java:85)
	at org.apache.kafka.streams.processor.internals.SourceNode.process(SourceNode.java:80)
	at org.apache.kafka.streams.processor.internals.StreamTask.process(StreamTask.java:216)
	at org.apache.kafka.streams.processor.internals.AssignedTasks.process(AssignedTasks.java:403)
	at org.apache.kafka.streams.processor.internals.TaskManager.process(TaskManager.java:317)
	at org.apache.kafka.streams.processor.internals.StreamThread.processAndMaybeCommit(StreamThread.java:942)
	at org.apache.kafka.streams.processor.internals.StreamThread.runOnce(StreamThread.java:822)
	at org.apache.kafka.streams.processor.internals.StreamThread.runLoop(StreamThread.java:774)
	at org.apache.kafka.streams.processor.internals.StreamThread.run(StreamThread.java:744)
2018-03-06 15:01:01[com.lx.main.HotEventParm]-[ERROR]not available jsonstring Map<String,Object> updateMap = new HashMap<>();
2018-03-06 15:01:01[org.apache.kafka.streams.processor.internals.AssignedTasks]-[ERROR]stream-thread [hotparmstream1-130ded00-6fd2-4c22-ae72-428e1dcd9671-StreamThread-1] Failed to process stream task 0_0 due to the following error:
java.lang.NullPointerException
	at com.lx.main.HotEventParm$1.apply(HotEventParm.java:53)
	at com.lx.main.HotEventParm$1.apply(HotEventParm.java:1)
	at org.apache.kafka.streams.kstream.internals.KStreamPeek$KStreamPeekProcessor.process(KStreamPeek.java:42)
	at org.apache.kafka.streams.processor.internals.ProcessorNode$1.run(ProcessorNode.java:46)
	at org.apache.kafka.streams.processor.internals.StreamsMetricsImpl.measureLatencyNs(StreamsMetricsImpl.java:208)
	at org.apache.kafka.streams.processor.internals.ProcessorNode.process(ProcessorNode.java:124)
	at org.apache.kafka.streams.processor.internals.ProcessorContextImpl.forward(ProcessorContextImpl.java:85)
	at org.apache.kafka.streams.processor.internals.SourceNode.process(SourceNode.java:80)
	at org.apache.kafka.streams.processor.internals.StreamTask.process(StreamTask.java:216)
	at org.apache.kafka.streams.processor.internals.AssignedTasks.process(AssignedTasks.java:403)
	at org.apache.kafka.streams.processor.internals.TaskManager.process(TaskManager.java:317)
	at org.apache.kafka.streams.processor.internals.StreamThread.processAndMaybeCommit(StreamThread.java:942)
	at org.apache.kafka.streams.processor.internals.StreamThread.runOnce(StreamThread.java:822)
	at org.apache.kafka.streams.processor.internals.StreamThread.runLoop(StreamThread.java:774)
	at org.apache.kafka.streams.processor.internals.StreamThread.run(StreamThread.java:744)
2018-03-06 15:01:01[org.apache.kafka.streams.processor.internals.StreamThread]-[ERROR]stream-thread [hotparmstream1-130ded00-6fd2-4c22-ae72-428e1dcd9671-StreamThread-1] Encountered the following error during processing:
java.lang.NullPointerException
	at com.lx.main.HotEventParm$1.apply(HotEventParm.java:53)
	at com.lx.main.HotEventParm$1.apply(HotEventParm.java:1)
	at org.apache.kafka.streams.kstream.internals.KStreamPeek$KStreamPeekProcessor.process(KStreamPeek.java:42)
	at org.apache.kafka.streams.processor.internals.ProcessorNode$1.run(ProcessorNode.java:46)
	at org.apache.kafka.streams.processor.internals.StreamsMetricsImpl.measureLatencyNs(StreamsMetricsImpl.java:208)
	at org.apache.kafka.streams.processor.internals.ProcessorNode.process(ProcessorNode.java:124)
	at org.apache.kafka.streams.processor.internals.ProcessorContextImpl.forward(ProcessorContextImpl.java:85)
	at org.apache.kafka.streams.processor.internals.SourceNode.process(SourceNode.java:80)
	at org.apache.kafka.streams.processor.internals.StreamTask.process(StreamTask.java:216)
	at org.apache.kafka.streams.processor.internals.AssignedTasks.process(AssignedTasks.java:403)
	at org.apache.kafka.streams.processor.internals.TaskManager.process(TaskManager.java:317)
	at org.apache.kafka.streams.processor.internals.StreamThread.processAndMaybeCommit(StreamThread.java:942)
	at org.apache.kafka.streams.processor.internals.StreamThread.runOnce(StreamThread.java:822)
	at org.apache.kafka.streams.processor.internals.StreamThread.runLoop(StreamThread.java:774)
	at org.apache.kafka.streams.processor.internals.StreamThread.run(StreamThread.java:744)
2018-03-06 16:13:56[com.lx.main.HotEventParm]-[ERROR]not available jsonstring [A[3~[3~[3~[3~[3~[3~[3~[3~[3~[3~[3~
